  VulkanDevice.cpp
D:\tu\diploma\Diploma\vulkan_engine\vulkan_engine\Logger.h(26,9): warning C4005: 'LOG_VK_SURFACE_EXTENT': macro redefinition
  (compiling source file 'core/VulkanDevice.cpp')
      D:\tu\diploma\Diploma\vulkan_engine\vulkan_engine\Logger.h(25,9):
      see previous definition of 'LOG_VK_SURFACE_EXTENT'
  
  VulkanEngine.cpp
D:\tu\diploma\Diploma\vulkan_engine\vulkan_engine\Logger.h(26,9): warning C4005: 'LOG_VK_SURFACE_EXTENT': macro redefinition
  (compiling source file 'core/VulkanEngine.cpp')
      D:\tu\diploma\Diploma\vulkan_engine\vulkan_engine\Logger.h(25,9):
      see previous definition of 'LOG_VK_SURFACE_EXTENT'
  
  DescriptorManager.cpp
  CommandManager.cpp
  VulkanGraphicsPipeline.cpp
  VulkanGraphicsPipelineV2.cpp
  VulkanSwapchain.cpp
  BufferManager.cpp
  TextureManager.cpp
  GuiManager.cpp
D:\tu\diploma\Diploma\vulkan_engine\vulkan_engine\ui\GuiManager.cpp(77,59): warning C4267: '=': conversion from 'size_t' to 'uint32_t', possible loss of data
  vulkan_engine.cpp
  GLM_GTX_hash requires C++11 standard library support
D:\tu\diploma\Diploma\vulkan_engine\vulkan_engine\Logger.h(26,9): warning C4005: 'LOG_VK_SURFACE_EXTENT': macro redefinition
  (compiling source file 'vulkan_engine.cpp')
      D:\tu\diploma\Diploma\vulkan_engine\vulkan_engine\Logger.h(25,9):
      see previous definition of 'LOG_VK_SURFACE_EXTENT'
  
  Generating Code...
  vulkan_engine.vcxproj -> D:\tu\diploma\Diploma\vulkan_engine\vulkan_engine\x64\Debug\vulkan_engine.exe
